[2024-04-14T09:15:32.775+0000] {taskinstance.py:1159} INFO - Dependencies all met for dep_context=non-requeueable deps ti=<TaskInstance: user_automation.stream_data_from_api scheduled__2024-04-13T00:00:00+00:00 [queued]>
[2024-04-14T09:15:32.780+0000] {taskinstance.py:1159} INFO - Dependencies all met for dep_context=requeueable deps ti=<TaskInstance: user_automation.stream_data_from_api scheduled__2024-04-13T00:00:00+00:00 [queued]>
[2024-04-14T09:15:32.780+0000] {taskinstance.py:1361} INFO - Starting attempt 1 of 1
[2024-04-14T09:15:32.786+0000] {taskinstance.py:1382} INFO - Executing <Task(PythonOperator): stream_data_from_api> on 2024-04-13 00:00:00+00:00
[2024-04-14T09:15:32.793+0000] {standard_task_runner.py:57} INFO - Started process 157 to run task
[2024-04-14T09:15:32.796+0000] {standard_task_runner.py:84} INFO - Running: ['***', 'tasks', 'run', 'user_automation', 'stream_data_from_api', 'scheduled__2024-04-13T00:00:00+00:00', '--job-id', '2', '--raw', '--subdir', 'DAGS_FOLDER/kafka_stream.py', '--cfg-path', '/tmp/tmp_ak7naij']
[2024-04-14T09:15:32.797+0000] {standard_task_runner.py:85} INFO - Job 2: Subtask stream_data_from_api
[2024-04-14T09:15:32.881+0000] {task_command.py:415} INFO - Running <TaskInstance: user_automation.stream_data_from_api scheduled__2024-04-13T00:00:00+00:00 [running]> on host 55110b868d83
[2024-04-14T09:15:32.936+0000] {taskinstance.py:1660} INFO - Exporting env vars: AIRFLOW_CTX_DAG_OWNER='airscholar' AIRFLOW_CTX_DAG_ID='user_automation' AIRFLOW_CTX_TASK_ID='stream_data_from_api' AIRFLOW_CTX_EXECUTION_DATE='2024-04-13T00:00:00+00:00' AIRFLOW_CTX_TRY_NUMBER='1' AIRFLOW_CTX_DAG_RUN_ID='scheduled__2024-04-13T00:00:00+00:00'
[2024-04-14T09:15:32.978+0000] {conn.py:380} INFO - <BrokerConnection node_id=bootstrap-0 host=broker:29092 <connecting> [IPv4 ('172.18.0.8', 29092)]>: connecting to broker:29092 [('172.18.0.8', 29092) IPv4]
[2024-04-14T09:15:32.978+0000] {conn.py:1205} INFO - Probing node bootstrap-0 broker version
[2024-04-14T09:15:32.979+0000] {conn.py:410} INFO - <BrokerConnection node_id=bootstrap-0 host=broker:29092 <connecting> [IPv4 ('172.18.0.8', 29092)]>: Connection complete.
[2024-04-14T09:15:33.094+0000] {conn.py:1267} INFO - Broker version identified as 2.5.0
[2024-04-14T09:15:33.095+0000] {conn.py:1268} INFO - Set configuration api_version=(2, 5, 0) to skip auto check_version requests on startup
[2024-04-14T09:15:33.706+0000] {conn.py:380} INFO - <BrokerConnection node_id=1 host=broker:29092 <connecting> [IPv4 ('172.18.0.8', 29092)]>: connecting to broker:29092 [('172.18.0.8', 29092) IPv4]
[2024-04-14T09:15:33.709+0000] {conn.py:410} INFO - <BrokerConnection node_id=1 host=broker:29092 <connecting> [IPv4 ('172.18.0.8', 29092)]>: Connection complete.
[2024-04-14T09:15:33.710+0000] {conn.py:919} INFO - <BrokerConnection node_id=bootstrap-0 host=broker:29092 <connected> [IPv4 ('172.18.0.8', 29092)]>: Closing connection. 
[2024-04-14T09:15:33.852+0000] {logging_mixin.py:151} INFO - Record Inserted !!
[2024-04-14T09:15:34.331+0000] {logging_mixin.py:151} INFO - Record Inserted !!
[2024-04-14T09:15:34.989+0000] {logging_mixin.py:151} INFO - Record Inserted !!
[2024-04-14T09:15:35.554+0000] {logging_mixin.py:151} INFO - Record Inserted !!
[2024-04-14T09:15:36.451+0000] {logging_mixin.py:151} INFO - Record Inserted !!
[2024-04-14T09:15:36.966+0000] {logging_mixin.py:151} INFO - Record Inserted !!
[2024-04-14T09:15:37.788+0000] {logging_mixin.py:151} INFO - Record Inserted !!
[2024-04-14T09:15:38.631+0000] {logging_mixin.py:151} INFO - Record Inserted !!
[2024-04-14T09:15:39.524+0000] {logging_mixin.py:151} INFO - Record Inserted !!
[2024-04-14T09:15:40.385+0000] {logging_mixin.py:151} INFO - Record Inserted !!
[2024-04-14T09:15:41.357+0000] {logging_mixin.py:151} INFO - Record Inserted !!
[2024-04-14T09:15:42.340+0000] {logging_mixin.py:151} INFO - Record Inserted !!
[2024-04-14T09:15:42.857+0000] {logging_mixin.py:151} INFO - Record Inserted !!
[2024-04-14T09:15:43.683+0000] {logging_mixin.py:151} INFO - Record Inserted !!
[2024-04-14T09:15:44.214+0000] {logging_mixin.py:151} INFO - Record Inserted !!
[2024-04-14T09:15:45.034+0000] {logging_mixin.py:151} INFO - Record Inserted !!
[2024-04-14T09:15:46.000+0000] {logging_mixin.py:151} INFO - Record Inserted !!
[2024-04-14T09:15:46.965+0000] {logging_mixin.py:151} INFO - Record Inserted !!
[2024-04-14T09:15:47.485+0000] {logging_mixin.py:151} INFO - Record Inserted !!
[2024-04-14T09:15:48.007+0000] {logging_mixin.py:151} INFO - Record Inserted !!
[2024-04-14T09:15:48.915+0000] {logging_mixin.py:151} INFO - Record Inserted !!
[2024-04-14T09:15:49.431+0000] {logging_mixin.py:151} INFO - Record Inserted !!
[2024-04-14T09:15:50.239+0000] {logging_mixin.py:151} INFO - Record Inserted !!
[2024-04-14T09:15:50.820+0000] {logging_mixin.py:151} INFO - Record Inserted !!
[2024-04-14T09:15:51.369+0000] {logging_mixin.py:151} INFO - Record Inserted !!
[2024-04-14T09:15:52.626+0000] {logging_mixin.py:151} INFO - Record Inserted !!
[2024-04-14T09:15:53.140+0000] {logging_mixin.py:151} INFO - Record Inserted !!
[2024-04-14T09:15:53.645+0000] {logging_mixin.py:151} INFO - Record Inserted !!
[2024-04-14T09:15:54.208+0000] {logging_mixin.py:151} INFO - Record Inserted !!
[2024-04-14T09:15:55.036+0000] {logging_mixin.py:151} INFO - Record Inserted !!
[2024-04-14T09:15:56.621+0000] {logging_mixin.py:151} INFO - Record Inserted !!
[2024-04-14T09:15:57.439+0000] {logging_mixin.py:151} INFO - Record Inserted !!
[2024-04-14T09:15:58.340+0000] {logging_mixin.py:151} INFO - Record Inserted !!
[2024-04-14T09:15:58.860+0000] {logging_mixin.py:151} INFO - Record Inserted !!
[2024-04-14T09:15:59.533+0000] {logging_mixin.py:151} INFO - Record Inserted !!
[2024-04-14T09:16:00.353+0000] {logging_mixin.py:151} INFO - Record Inserted !!
[2024-04-14T09:16:01.229+0000] {logging_mixin.py:151} INFO - Record Inserted !!
[2024-04-14T09:16:01.899+0000] {logging_mixin.py:151} INFO - Record Inserted !!
[2024-04-14T09:16:02.473+0000] {logging_mixin.py:151} INFO - Record Inserted !!
[2024-04-14T09:16:03.007+0000] {logging_mixin.py:151} INFO - Record Inserted !!
[2024-04-14T09:16:03.519+0000] {logging_mixin.py:151} INFO - Record Inserted !!
[2024-04-14T09:16:04.308+0000] {logging_mixin.py:151} INFO - Record Inserted !!
[2024-04-14T09:16:05.222+0000] {logging_mixin.py:151} INFO - Record Inserted !!
[2024-04-14T09:16:06.142+0000] {logging_mixin.py:151} INFO - Record Inserted !!
[2024-04-14T09:16:06.681+0000] {logging_mixin.py:151} INFO - Record Inserted !!
[2024-04-14T09:16:08.291+0000] {logging_mixin.py:151} INFO - Record Inserted !!
[2024-04-14T09:16:09.221+0000] {logging_mixin.py:151} INFO - Record Inserted !!
[2024-04-14T09:16:10.243+0000] {logging_mixin.py:151} INFO - Record Inserted !!
[2024-04-14T09:16:10.762+0000] {logging_mixin.py:151} INFO - Record Inserted !!
[2024-04-14T09:16:11.698+0000] {logging_mixin.py:151} INFO - Record Inserted !!
[2024-04-14T09:16:12.708+0000] {logging_mixin.py:151} INFO - Record Inserted !!
[2024-04-14T09:16:13.616+0000] {logging_mixin.py:151} INFO - Record Inserted !!
[2024-04-14T09:16:14.516+0000] {logging_mixin.py:151} INFO - Record Inserted !!
[2024-04-14T09:16:15.455+0000] {logging_mixin.py:151} INFO - Record Inserted !!
[2024-04-14T09:16:16.396+0000] {logging_mixin.py:151} INFO - Record Inserted !!
[2024-04-14T09:16:16.937+0000] {logging_mixin.py:151} INFO - Record Inserted !!
[2024-04-14T09:16:17.522+0000] {logging_mixin.py:151} INFO - Record Inserted !!
[2024-04-14T09:16:18.036+0000] {logging_mixin.py:151} INFO - Record Inserted !!
[2024-04-14T09:16:18.615+0000] {logging_mixin.py:151} INFO - Record Inserted !!
[2024-04-14T09:16:19.237+0000] {logging_mixin.py:151} INFO - Record Inserted !!
[2024-04-14T09:16:20.174+0000] {logging_mixin.py:151} INFO - Record Inserted !!
[2024-04-14T09:16:21.710+0000] {logging_mixin.py:151} INFO - Record Inserted !!
[2024-04-14T09:16:22.588+0000] {logging_mixin.py:151} INFO - Record Inserted !!
[2024-04-14T09:16:23.392+0000] {logging_mixin.py:151} INFO - Record Inserted !!
[2024-04-14T09:16:24.256+0000] {logging_mixin.py:151} INFO - Record Inserted !!
[2024-04-14T09:16:24.840+0000] {logging_mixin.py:151} INFO - Record Inserted !!
[2024-04-14T09:16:25.806+0000] {logging_mixin.py:151} INFO - Record Inserted !!
[2024-04-14T09:16:26.395+0000] {logging_mixin.py:151} INFO - Record Inserted !!
[2024-04-14T09:16:26.908+0000] {logging_mixin.py:151} INFO - Record Inserted !!
[2024-04-14T09:16:27.402+0000] {logging_mixin.py:151} INFO - Record Inserted !!
[2024-04-14T09:16:27.984+0000] {logging_mixin.py:151} INFO - Record Inserted !!
[2024-04-14T09:16:28.514+0000] {logging_mixin.py:151} INFO - Record Inserted !!
[2024-04-14T09:16:29.025+0000] {logging_mixin.py:151} INFO - Record Inserted !!
[2024-04-14T09:16:29.905+0000] {logging_mixin.py:151} INFO - Record Inserted !!
[2024-04-14T09:16:30.827+0000] {logging_mixin.py:151} INFO - Record Inserted !!
[2024-04-14T09:16:31.754+0000] {logging_mixin.py:151} INFO - Record Inserted !!
[2024-04-14T09:16:32.268+0000] {logging_mixin.py:151} INFO - Record Inserted !!
[2024-04-14T09:16:33.186+0000] {logging_mixin.py:151} INFO - Record Inserted !!
[2024-04-14T09:16:34.717+0000] {logging_mixin.py:151} INFO - Record Inserted !!
[2024-04-14T09:16:35.265+0000] {logging_mixin.py:151} INFO - Record Inserted !!
[2024-04-14T09:16:36.252+0000] {logging_mixin.py:151} INFO - Record Inserted !!
[2024-04-14T09:16:36.847+0000] {logging_mixin.py:151} INFO - Record Inserted !!
[2024-04-14T09:16:37.375+0000] {logging_mixin.py:151} INFO - Record Inserted !!
[2024-04-14T09:16:37.978+0000] {logging_mixin.py:151} INFO - Record Inserted !!
[2024-04-14T09:16:38.913+0000] {logging_mixin.py:151} INFO - Record Inserted !!
[2024-04-14T09:16:39.455+0000] {logging_mixin.py:151} INFO - Record Inserted !!
[2024-04-14T09:16:40.041+0000] {logging_mixin.py:151} INFO - Record Inserted !!
[2024-04-14T09:16:40.958+0000] {logging_mixin.py:151} INFO - Record Inserted !!
[2024-04-14T09:16:41.899+0000] {logging_mixin.py:151} INFO - Record Inserted !!
[2024-04-14T09:16:42.828+0000] {logging_mixin.py:151} INFO - Record Inserted !!
[2024-04-14T09:16:43.387+0000] {logging_mixin.py:151} INFO - Record Inserted !!
[2024-04-14T09:16:44.018+0000] {logging_mixin.py:151} INFO - Record Inserted !!
[2024-04-14T09:16:44.632+0000] {logging_mixin.py:151} INFO - Record Inserted !!
[2024-04-14T09:16:45.573+0000] {logging_mixin.py:151} INFO - Record Inserted !!
[2024-04-14T09:16:46.518+0000] {logging_mixin.py:151} INFO - Record Inserted !!
[2024-04-14T09:16:47.138+0000] {logging_mixin.py:151} INFO - Record Inserted !!
[2024-04-14T09:16:47.648+0000] {logging_mixin.py:151} INFO - Record Inserted !!
[2024-04-14T09:16:48.645+0000] {logging_mixin.py:151} INFO - Record Inserted !!
[2024-04-14T09:16:49.187+0000] {logging_mixin.py:151} INFO - Record Inserted !!
[2024-04-14T09:16:49.710+0000] {logging_mixin.py:151} INFO - Record Inserted !!
[2024-04-14T09:16:50.561+0000] {logging_mixin.py:151} INFO - Record Inserted !!
[2024-04-14T09:16:51.074+0000] {logging_mixin.py:151} INFO - Record Inserted !!
[2024-04-14T09:16:51.686+0000] {logging_mixin.py:151} INFO - Record Inserted !!
[2024-04-14T09:16:52.635+0000] {logging_mixin.py:151} INFO - Record Inserted !!
[2024-04-14T09:16:53.448+0000] {logging_mixin.py:151} INFO - Record Inserted !!
[2024-04-14T09:16:54.020+0000] {logging_mixin.py:151} INFO - Record Inserted !!
[2024-04-14T09:16:54.894+0000] {logging_mixin.py:151} INFO - Record Inserted !!
[2024-04-14T09:16:55.825+0000] {logging_mixin.py:151} INFO - Record Inserted !!
[2024-04-14T09:16:56.370+0000] {logging_mixin.py:151} INFO - Record Inserted !!
[2024-04-14T09:16:57.244+0000] {logging_mixin.py:151} INFO - Record Inserted !!
[2024-04-14T09:16:58.113+0000] {logging_mixin.py:151} INFO - Record Inserted !!
[2024-04-14T09:16:58.638+0000] {logging_mixin.py:151} INFO - Record Inserted !!
[2024-04-14T09:16:59.599+0000] {logging_mixin.py:151} INFO - Record Inserted !!
[2024-04-14T09:17:00.190+0000] {logging_mixin.py:151} INFO - Record Inserted !!
[2024-04-14T09:17:00.738+0000] {logging_mixin.py:151} INFO - Record Inserted !!
[2024-04-14T09:17:01.646+0000] {logging_mixin.py:151} INFO - Record Inserted !!
[2024-04-14T09:17:02.568+0000] {logging_mixin.py:151} INFO - Record Inserted !!
[2024-04-14T09:17:03.106+0000] {logging_mixin.py:151} INFO - Record Inserted !!
[2024-04-14T09:17:05.231+0000] {logging_mixin.py:151} INFO - Record Inserted !!
[2024-04-14T09:17:07.380+0000] {logging_mixin.py:151} INFO - Record Inserted !!
[2024-04-14T09:17:08.301+0000] {logging_mixin.py:151} INFO - Record Inserted !!
[2024-04-14T09:17:09.193+0000] {logging_mixin.py:151} INFO - Record Inserted !!
[2024-04-14T09:17:09.778+0000] {logging_mixin.py:151} INFO - Record Inserted !!
[2024-04-14T09:17:10.374+0000] {logging_mixin.py:151} INFO - Record Inserted !!
[2024-04-14T09:17:11.238+0000] {logging_mixin.py:151} INFO - Record Inserted !!
[2024-04-14T09:17:12.191+0000] {logging_mixin.py:151} INFO - Record Inserted !!
[2024-04-14T09:17:12.760+0000] {logging_mixin.py:151} INFO - Record Inserted !!
[2024-04-14T09:17:13.744+0000] {logging_mixin.py:151} INFO - Record Inserted !!
[2024-04-14T09:17:14.274+0000] {logging_mixin.py:151} INFO - Record Inserted !!
[2024-04-14T09:17:15.421+0000] {logging_mixin.py:151} INFO - Record Inserted !!
[2024-04-14T09:17:15.928+0000] {logging_mixin.py:151} INFO - Record Inserted !!
[2024-04-14T09:17:16.906+0000] {logging_mixin.py:151} INFO - Record Inserted !!
[2024-04-14T09:17:17.824+0000] {logging_mixin.py:151} INFO - Record Inserted !!
[2024-04-14T09:17:18.337+0000] {logging_mixin.py:151} INFO - Record Inserted !!
[2024-04-14T09:17:19.254+0000] {logging_mixin.py:151} INFO - Record Inserted !!
[2024-04-14T09:17:20.129+0000] {logging_mixin.py:151} INFO - Record Inserted !!
[2024-04-14T09:17:21.921+0000] {logging_mixin.py:151} INFO - Record Inserted !!
[2024-04-14T09:17:22.845+0000] {logging_mixin.py:151} INFO - Record Inserted !!
[2024-04-14T09:17:23.430+0000] {logging_mixin.py:151} INFO - Record Inserted !!
[2024-04-14T09:17:23.959+0000] {logging_mixin.py:151} INFO - Record Inserted !!
[2024-04-14T09:17:24.789+0000] {logging_mixin.py:151} INFO - Record Inserted !!
[2024-04-14T09:17:25.318+0000] {logging_mixin.py:151} INFO - Record Inserted !!
[2024-04-14T09:17:26.328+0000] {logging_mixin.py:151} INFO - Record Inserted !!
[2024-04-14T09:17:27.246+0000] {logging_mixin.py:151} INFO - Record Inserted !!
[2024-04-14T09:17:28.168+0000] {logging_mixin.py:151} INFO - Record Inserted !!
[2024-04-14T09:17:28.692+0000] {logging_mixin.py:151} INFO - Record Inserted !!
[2024-04-14T09:17:29.596+0000] {logging_mixin.py:151} INFO - Record Inserted !!
[2024-04-14T09:17:30.183+0000] {logging_mixin.py:151} INFO - Record Inserted !!
[2024-04-14T09:17:31.062+0000] {logging_mixin.py:151} INFO - Record Inserted !!
[2024-04-14T09:17:31.579+0000] {logging_mixin.py:151} INFO - Record Inserted !!
[2024-04-14T09:17:32.091+0000] {logging_mixin.py:151} INFO - Record Inserted !!
[2024-04-14T09:17:32.999+0000] {logging_mixin.py:151} INFO - Record Inserted !!
[2024-04-14T09:17:33.907+0000] {logging_mixin.py:151} INFO - Record Inserted !!
[2024-04-14T09:17:34.415+0000] {logging_mixin.py:151} INFO - Record Inserted !!
[2024-04-14T09:17:35.333+0000] {logging_mixin.py:151} INFO - Record Inserted !!
[2024-04-14T09:17:36.362+0000] {logging_mixin.py:151} INFO - Record Inserted !!
[2024-04-14T09:17:36.884+0000] {logging_mixin.py:151} INFO - Record Inserted !!
[2024-04-14T09:17:37.689+0000] {logging_mixin.py:151} INFO - Record Inserted !!
[2024-04-14T09:17:38.616+0000] {logging_mixin.py:151} INFO - Record Inserted !!
[2024-04-14T09:17:39.128+0000] {logging_mixin.py:151} INFO - Record Inserted !!
[2024-04-14T09:17:39.647+0000] {logging_mixin.py:151} INFO - Record Inserted !!
[2024-04-14T09:17:40.241+0000] {logging_mixin.py:151} INFO - Record Inserted !!
[2024-04-14T09:17:41.172+0000] {logging_mixin.py:151} INFO - Record Inserted !!
[2024-04-14T09:17:42.063+0000] {logging_mixin.py:151} INFO - Record Inserted !!
[2024-04-14T09:17:42.583+0000] {logging_mixin.py:151} INFO - Record Inserted !!
[2024-04-14T09:17:43.093+0000] {logging_mixin.py:151} INFO - Record Inserted !!
[2024-04-14T09:17:44.046+0000] {logging_mixin.py:151} INFO - Record Inserted !!
[2024-04-14T09:17:44.573+0000] {logging_mixin.py:151} INFO - Record Inserted !!
[2024-04-14T09:17:45.473+0000] {logging_mixin.py:151} INFO - Record Inserted !!
[2024-04-14T09:17:46.081+0000] {logging_mixin.py:151} INFO - Record Inserted !!
[2024-04-14T09:17:46.689+0000] {logging_mixin.py:151} INFO - Record Inserted !!
[2024-04-14T09:17:47.199+0000] {logging_mixin.py:151} INFO - Record Inserted !!
[2024-04-14T09:17:48.133+0000] {logging_mixin.py:151} INFO - Record Inserted !!
[2024-04-14T09:17:48.638+0000] {logging_mixin.py:151} INFO - Record Inserted !!
[2024-04-14T09:17:49.147+0000] {logging_mixin.py:151} INFO - Record Inserted !!
[2024-04-14T09:17:49.690+0000] {logging_mixin.py:151} INFO - Record Inserted !!
[2024-04-14T09:17:50.588+0000] {logging_mixin.py:151} INFO - Record Inserted !!
[2024-04-14T09:17:51.508+0000] {logging_mixin.py:151} INFO - Record Inserted !!
[2024-04-14T09:17:52.082+0000] {logging_mixin.py:151} INFO - Record Inserted !!
[2024-04-14T09:17:52.605+0000] {logging_mixin.py:151} INFO - Record Inserted !!
[2024-04-14T09:17:53.556+0000] {logging_mixin.py:151} INFO - Record Inserted !!
[2024-04-14T09:17:54.121+0000] {logging_mixin.py:151} INFO - Record Inserted !!
[2024-04-14T09:17:55.135+0000] {logging_mixin.py:151} INFO - Record Inserted !!
[2024-04-14T09:17:56.122+0000] {logging_mixin.py:151} INFO - Record Inserted !!
[2024-04-14T09:17:56.646+0000] {logging_mixin.py:151} INFO - Record Inserted !!
[2024-04-14T09:17:57.659+0000] {logging_mixin.py:151} INFO - Record Inserted !!
[2024-04-14T09:17:58.191+0000] {logging_mixin.py:151} INFO - Record Inserted !!
[2024-04-14T09:17:58.814+0000] {logging_mixin.py:151} INFO - Record Inserted !!
[2024-04-14T09:17:59.326+0000] {logging_mixin.py:151} INFO - Record Inserted !!
[2024-04-14T09:18:00.322+0000] {logging_mixin.py:151} INFO - Record Inserted !!
[2024-04-14T09:18:01.240+0000] {logging_mixin.py:151} INFO - Record Inserted !!
[2024-04-14T09:18:01.757+0000] {logging_mixin.py:151} INFO - Record Inserted !!
[2024-04-14T09:18:02.284+0000] {logging_mixin.py:151} INFO - Record Inserted !!
[2024-04-14T09:18:03.409+0000] {logging_mixin.py:151} INFO - Record Inserted !!
[2024-04-14T09:18:03.984+0000] {logging_mixin.py:151} INFO - Record Inserted !!
[2024-04-14T09:18:04.828+0000] {logging_mixin.py:151} INFO - Record Inserted !!
[2024-04-14T09:18:05.430+0000] {logging_mixin.py:151} INFO - Record Inserted !!
[2024-04-14T09:18:05.946+0000] {logging_mixin.py:151} INFO - Record Inserted !!
[2024-04-14T09:18:06.875+0000] {logging_mixin.py:151} INFO - Record Inserted !!
[2024-04-14T09:18:07.386+0000] {logging_mixin.py:151} INFO - Record Inserted !!
[2024-04-14T09:18:08.362+0000] {logging_mixin.py:151} INFO - Record Inserted !!
[2024-04-14T09:18:08.867+0000] {logging_mixin.py:151} INFO - Record Inserted !!
[2024-04-14T09:18:09.740+0000] {logging_mixin.py:151} INFO - Record Inserted !!
[2024-04-14T09:18:10.462+0000] {logging_mixin.py:151} INFO - Record Inserted !!
[2024-04-14T09:18:10.997+0000] {logging_mixin.py:151} INFO - Record Inserted !!
[2024-04-14T09:18:11.524+0000] {logging_mixin.py:151} INFO - Record Inserted !!
[2024-04-14T09:18:12.179+0000] {logging_mixin.py:151} INFO - Record Inserted !!
[2024-04-14T09:18:13.122+0000] {logging_mixin.py:151} INFO - Record Inserted !!
[2024-04-14T09:18:13.636+0000] {logging_mixin.py:151} INFO - Record Inserted !!
[2024-04-14T09:18:14.456+0000] {logging_mixin.py:151} INFO - Record Inserted !!
[2024-04-14T09:18:14.986+0000] {logging_mixin.py:151} INFO - Record Inserted !!
[2024-04-14T09:18:16.707+0000] {logging_mixin.py:151} INFO - Record Inserted !!
[2024-04-14T09:18:17.292+0000] {logging_mixin.py:151} INFO - Record Inserted !!
[2024-04-14T09:18:18.238+0000] {logging_mixin.py:151} INFO - Record Inserted !!
[2024-04-14T09:18:18.750+0000] {logging_mixin.py:151} INFO - Record Inserted !!
[2024-04-14T09:18:19.672+0000] {logging_mixin.py:151} INFO - Record Inserted !!
[2024-04-14T09:18:20.601+0000] {logging_mixin.py:151} INFO - Record Inserted !!
[2024-04-14T09:18:21.111+0000] {logging_mixin.py:151} INFO - Record Inserted !!
[2024-04-14T09:18:22.031+0000] {logging_mixin.py:151} INFO - Record Inserted !!
[2024-04-14T09:18:22.965+0000] {logging_mixin.py:151} INFO - Record Inserted !!
[2024-04-14T09:18:23.458+0000] {logging_mixin.py:151} INFO - Record Inserted !!
[2024-04-14T09:18:24.380+0000] {logging_mixin.py:151} INFO - Record Inserted !!
[2024-04-14T09:18:25.307+0000] {logging_mixin.py:151} INFO - Record Inserted !!
[2024-04-14T09:18:26.192+0000] {logging_mixin.py:151} INFO - Record Inserted !!
[2024-04-14T09:18:27.150+0000] {logging_mixin.py:151} INFO - Record Inserted !!
[2024-04-14T09:18:27.732+0000] {logging_mixin.py:151} INFO - Record Inserted !!
[2024-04-14T09:18:28.260+0000] {logging_mixin.py:151} INFO - Record Inserted !!
[2024-04-14T09:18:29.171+0000] {logging_mixin.py:151} INFO - Record Inserted !!
[2024-04-14T09:18:30.224+0000] {logging_mixin.py:151} INFO - Record Inserted !!
[2024-04-14T09:18:31.247+0000] {logging_mixin.py:151} INFO - Record Inserted !!
[2024-04-14T09:18:32.062+0000] {logging_mixin.py:151} INFO - Record Inserted !!
[2024-04-14T09:18:33.170+0000] {logging_mixin.py:151} INFO - Record Inserted !!
[2024-04-14T09:18:34.113+0000] {logging_mixin.py:151} INFO - Record Inserted !!
[2024-04-14T09:18:34.936+0000] {logging_mixin.py:151} INFO - Record Inserted !!
[2024-04-14T09:18:35.856+0000] {logging_mixin.py:151} INFO - Record Inserted !!
[2024-04-14T09:18:36.777+0000] {logging_mixin.py:151} INFO - Record Inserted !!
[2024-04-14T09:18:37.862+0000] {logging_mixin.py:151} INFO - Record Inserted !!
[2024-04-14T09:18:39.231+0000] {logging_mixin.py:151} INFO - Record Inserted !!
[2024-04-14T09:18:39.783+0000] {logging_mixin.py:151} INFO - Record Inserted !!
[2024-04-14T09:18:40.769+0000] {logging_mixin.py:151} INFO - Record Inserted !!
[2024-04-14T09:18:41.693+0000] {logging_mixin.py:151} INFO - Record Inserted !!
[2024-04-14T09:18:42.245+0000] {logging_mixin.py:151} INFO - Record Inserted !!
[2024-04-14T09:18:42.988+0000] {logging_mixin.py:151} INFO - Record Inserted !!
[2024-04-14T09:18:43.530+0000] {logging_mixin.py:151} INFO - Record Inserted !!
[2024-04-14T09:18:44.456+0000] {logging_mixin.py:151} INFO - Record Inserted !!
[2024-04-14T09:18:45.379+0000] {logging_mixin.py:151} INFO - Record Inserted !!
[2024-04-14T09:18:46.312+0000] {logging_mixin.py:151} INFO - Record Inserted !!
[2024-04-14T09:18:46.984+0000] {logging_mixin.py:151} INFO - Record Inserted !!
[2024-04-14T09:18:47.585+0000] {logging_mixin.py:151} INFO - Record Inserted !!
[2024-04-14T09:18:48.121+0000] {logging_mixin.py:151} INFO - Record Inserted !!
[2024-04-14T09:18:48.636+0000] {logging_mixin.py:151} INFO - Record Inserted !!
[2024-04-14T09:18:49.350+0000] {logging_mixin.py:151} INFO - Record Inserted !!
[2024-04-14T09:18:50.191+0000] {logging_mixin.py:151} INFO - Record Inserted !!
[2024-04-14T09:18:50.842+0000] {logging_mixin.py:151} INFO - Record Inserted !!
[2024-04-14T09:18:51.523+0000] {logging_mixin.py:151} INFO - Record Inserted !!
[2024-04-14T09:18:52.442+0000] {logging_mixin.py:151} INFO - Record Inserted !!
[2024-04-14T09:18:53.369+0000] {logging_mixin.py:151} INFO - Record Inserted !!
[2024-04-14T09:18:54.031+0000] {logging_mixin.py:151} INFO - Record Inserted !!
[2024-04-14T09:18:54.904+0000] {logging_mixin.py:151} INFO - Record Inserted !!
[2024-04-14T09:18:55.822+0000] {logging_mixin.py:151} INFO - Record Inserted !!
[2024-04-14T09:18:56.322+0000] {logging_mixin.py:151} INFO - Record Inserted !!
[2024-04-14T09:18:56.839+0000] {logging_mixin.py:151} INFO - Record Inserted !!
[2024-04-14T09:18:57.353+0000] {logging_mixin.py:151} INFO - Record Inserted !!
[2024-04-14T09:18:57.861+0000] {logging_mixin.py:151} INFO - Record Inserted !!
[2024-04-14T09:18:58.412+0000] {logging_mixin.py:151} INFO - Record Inserted !!
[2024-04-14T09:18:58.977+0000] {logging_mixin.py:151} INFO - Record Inserted !!
[2024-04-14T09:18:59.918+0000] {logging_mixin.py:151} INFO - Record Inserted !!
[2024-04-14T09:19:00.429+0000] {logging_mixin.py:151} INFO - Record Inserted !!
[2024-04-14T09:19:01.367+0000] {logging_mixin.py:151} INFO - Record Inserted !!
[2024-04-14T09:19:02.387+0000] {logging_mixin.py:151} INFO - Record Inserted !!
[2024-04-14T09:19:03.003+0000] {logging_mixin.py:151} INFO - Record Inserted !!
[2024-04-14T09:19:03.513+0000] {logging_mixin.py:151} INFO - Record Inserted !!
[2024-04-14T09:19:04.051+0000] {logging_mixin.py:151} INFO - Record Inserted !!
[2024-04-14T09:19:05.041+0000] {logging_mixin.py:151} INFO - Record Inserted !!
[2024-04-14T09:19:05.550+0000] {logging_mixin.py:151} INFO - Record Inserted !!
[2024-04-14T09:19:06.365+0000] {logging_mixin.py:151} INFO - Record Inserted !!
[2024-04-14T09:19:07.292+0000] {logging_mixin.py:151} INFO - Record Inserted !!
[2024-04-14T09:19:07.805+0000] {logging_mixin.py:151} INFO - Record Inserted !!
[2024-04-14T09:19:08.623+0000] {logging_mixin.py:151} INFO - Record Inserted !!
[2024-04-14T09:19:09.122+0000] {logging_mixin.py:151} INFO - Record Inserted !!
[2024-04-14T09:19:10.058+0000] {logging_mixin.py:151} INFO - Record Inserted !!
[2024-04-14T09:19:10.582+0000] {logging_mixin.py:151} INFO - Record Inserted !!
[2024-04-14T09:19:11.166+0000] {logging_mixin.py:151} INFO - Record Inserted !!
[2024-04-14T09:19:11.716+0000] {logging_mixin.py:151} INFO - Record Inserted !!
[2024-04-14T09:19:12.288+0000] {logging_mixin.py:151} INFO - Record Inserted !!
[2024-04-14T09:19:12.809+0000] {logging_mixin.py:151} INFO - Record Inserted !!
[2024-04-14T09:19:13.381+0000] {logging_mixin.py:151} INFO - Record Inserted !!
[2024-04-14T09:19:13.979+0000] {logging_mixin.py:151} INFO - Record Inserted !!
[2024-04-14T09:19:14.841+0000] {logging_mixin.py:151} INFO - Record Inserted !!
[2024-04-14T09:19:15.355+0000] {logging_mixin.py:151} INFO - Record Inserted !!
[2024-04-14T09:19:15.955+0000] {logging_mixin.py:151} INFO - Record Inserted !!
[2024-04-14T09:19:16.911+0000] {logging_mixin.py:151} INFO - Record Inserted !!
[2024-04-14T09:19:17.409+0000] {logging_mixin.py:151} INFO - Record Inserted !!
[2024-04-14T09:19:18.206+0000] {logging_mixin.py:151} INFO - Record Inserted !!
[2024-04-14T09:19:18.747+0000] {logging_mixin.py:151} INFO - Record Inserted !!
[2024-04-14T09:19:19.705+0000] {logging_mixin.py:151} INFO - Record Inserted !!
[2024-04-14T09:19:20.224+0000] {logging_mixin.py:151} INFO - Record Inserted !!
[2024-04-14T09:19:20.857+0000] {logging_mixin.py:151} INFO - Record Inserted !!
[2024-04-14T09:19:21.735+0000] {logging_mixin.py:151} INFO - Record Inserted !!
[2024-04-14T09:19:22.628+0000] {logging_mixin.py:151} INFO - Record Inserted !!
[2024-04-14T09:19:23.573+0000] {logging_mixin.py:151} INFO - Record Inserted !!
[2024-04-14T09:19:24.080+0000] {logging_mixin.py:151} INFO - Record Inserted !!
[2024-04-14T09:19:24.865+0000] {logging_mixin.py:151} INFO - Record Inserted !!
[2024-04-14T09:19:25.422+0000] {logging_mixin.py:151} INFO - Record Inserted !!
[2024-04-14T09:19:26.442+0000] {logging_mixin.py:151} INFO - Record Inserted !!
[2024-04-14T09:19:27.367+0000] {logging_mixin.py:151} INFO - Record Inserted !!
[2024-04-14T09:19:27.889+0000] {logging_mixin.py:151} INFO - Record Inserted !!
[2024-04-14T09:19:28.795+0000] {logging_mixin.py:151} INFO - Record Inserted !!
[2024-04-14T09:19:29.322+0000] {logging_mixin.py:151} INFO - Record Inserted !!
[2024-04-14T09:19:30.240+0000] {logging_mixin.py:151} INFO - Record Inserted !!
[2024-04-14T09:19:31.144+0000] {logging_mixin.py:151} INFO - Record Inserted !!
[2024-04-14T09:19:31.871+0000] {logging_mixin.py:151} INFO - Record Inserted !!
[2024-04-14T09:19:32.369+0000] {logging_mixin.py:151} INFO - Record Inserted !!
[2024-04-14T09:19:32.939+0000] {logging_mixin.py:151} INFO - Record Inserted !!
[2024-04-14T09:19:33.451+0000] {logging_mixin.py:151} INFO - Record Inserted !!
[2024-04-14T09:19:33.962+0000] {logging_mixin.py:151} INFO - Record Inserted !!
[2024-04-14T09:19:34.549+0000] {logging_mixin.py:151} INFO - Record Inserted !!
[2024-04-14T09:19:35.445+0000] {logging_mixin.py:151} INFO - Record Inserted !!
[2024-04-14T09:19:36.366+0000] {logging_mixin.py:151} INFO - Record Inserted !!
[2024-04-14T09:19:36.950+0000] {logging_mixin.py:151} INFO - Record Inserted !!
[2024-04-14T09:19:37.492+0000] {logging_mixin.py:151} INFO - Record Inserted !!
[2024-04-14T09:19:38.156+0000] {logging_mixin.py:151} INFO - Record Inserted !!
[2024-04-14T09:19:39.351+0000] {logging_mixin.py:151} INFO - Record Inserted !!
[2024-04-14T09:19:40.256+0000] {logging_mixin.py:151} INFO - Record Inserted !!
[2024-04-14T09:19:41.176+0000] {logging_mixin.py:151} INFO - Record Inserted !!
[2024-04-14T09:19:42.100+0000] {logging_mixin.py:151} INFO - Record Inserted !!
[2024-04-14T09:19:42.622+0000] {logging_mixin.py:151} INFO - Record Inserted !!
[2024-04-14T09:19:43.157+0000] {logging_mixin.py:151} INFO - Record Inserted !!
[2024-04-14T09:19:43.663+0000] {logging_mixin.py:151} INFO - Record Inserted !!
[2024-04-14T09:19:44.243+0000] {logging_mixin.py:151} INFO - Record Inserted !!
[2024-04-14T09:19:45.188+0000] {logging_mixin.py:151} INFO - Record Inserted !!
[2024-04-14T09:19:45.987+0000] {logging_mixin.py:151} INFO - Record Inserted !!
[2024-04-14T09:19:46.526+0000] {logging_mixin.py:151} INFO - Record Inserted !!
[2024-04-14T09:19:47.337+0000] {logging_mixin.py:151} INFO - Record Inserted !!
[2024-04-14T09:19:48.283+0000] {logging_mixin.py:151} INFO - Record Inserted !!
[2024-04-14T09:19:48.969+0000] {logging_mixin.py:151} INFO - Record Inserted !!
[2024-04-14T09:19:49.562+0000] {logging_mixin.py:151} INFO - Record Inserted !!
[2024-04-14T09:19:50.432+0000] {logging_mixin.py:151} INFO - Record Inserted !!
[2024-04-14T09:19:51.320+0000] {logging_mixin.py:151} INFO - Record Inserted !!
[2024-04-14T09:19:51.836+0000] {logging_mixin.py:151} INFO - Record Inserted !!
[2024-04-14T09:19:52.480+0000] {logging_mixin.py:151} INFO - Record Inserted !!
[2024-04-14T09:19:52.985+0000] {logging_mixin.py:151} INFO - Record Inserted !!
[2024-04-14T09:19:53.565+0000] {logging_mixin.py:151} INFO - Record Inserted !!
[2024-04-14T09:19:54.051+0000] {logging_mixin.py:151} INFO - Record Inserted !!
[2024-04-14T09:19:55.021+0000] {logging_mixin.py:151} INFO - Record Inserted !!
[2024-04-14T09:19:56.030+0000] {logging_mixin.py:151} INFO - Record Inserted !!
[2024-04-14T09:19:56.574+0000] {logging_mixin.py:151} INFO - Record Inserted !!
[2024-04-14T09:19:57.352+0000] {logging_mixin.py:151} INFO - Record Inserted !!
[2024-04-14T09:19:58.489+0000] {logging_mixin.py:151} INFO - Record Inserted !!
[2024-04-14T09:19:59.081+0000] {logging_mixin.py:151} INFO - Record Inserted !!
[2024-04-14T09:20:00.032+0000] {logging_mixin.py:151} INFO - Record Inserted !!
[2024-04-14T09:20:00.857+0000] {logging_mixin.py:151} INFO - Record Inserted !!
[2024-04-14T09:20:01.768+0000] {logging_mixin.py:151} INFO - Record Inserted !!
[2024-04-14T09:20:02.354+0000] {logging_mixin.py:151} INFO - Record Inserted !!
[2024-04-14T09:20:02.940+0000] {logging_mixin.py:151} INFO - Record Inserted !!
[2024-04-14T09:20:03.807+0000] {logging_mixin.py:151} INFO - Record Inserted !!
[2024-04-14T09:20:04.330+0000] {logging_mixin.py:151} INFO - Record Inserted !!
[2024-04-14T09:20:05.263+0000] {logging_mixin.py:151} INFO - Record Inserted !!
[2024-04-14T09:20:05.774+0000] {logging_mixin.py:151} INFO - Record Inserted !!
[2024-04-14T09:20:06.258+0000] {logging_mixin.py:151} INFO - Record Inserted !!
[2024-04-14T09:20:06.902+0000] {logging_mixin.py:151} INFO - Record Inserted !!
[2024-04-14T09:20:07.670+0000] {logging_mixin.py:151} INFO - Record Inserted !!
[2024-04-14T09:20:08.169+0000] {logging_mixin.py:151} INFO - Record Inserted !!
[2024-04-14T09:20:08.669+0000] {logging_mixin.py:151} INFO - Record Inserted !!
[2024-04-14T09:20:09.559+0000] {logging_mixin.py:151} INFO - Record Inserted !!
[2024-04-14T09:20:10.063+0000] {logging_mixin.py:151} INFO - Record Inserted !!
[2024-04-14T09:20:10.577+0000] {logging_mixin.py:151} INFO - Record Inserted !!
[2024-04-14T09:20:11.089+0000] {logging_mixin.py:151} INFO - Record Inserted !!
[2024-04-14T09:20:11.598+0000] {logging_mixin.py:151} INFO - Record Inserted !!
[2024-04-14T09:20:12.119+0000] {logging_mixin.py:151} INFO - Record Inserted !!
[2024-04-14T09:20:13.030+0000] {logging_mixin.py:151} INFO - Record Inserted !!
[2024-04-14T09:20:13.958+0000] {logging_mixin.py:151} INFO - Record Inserted !!
[2024-04-14T09:20:14.538+0000] {logging_mixin.py:151} INFO - Record Inserted !!
[2024-04-14T09:20:15.188+0000] {logging_mixin.py:151} INFO - Record Inserted !!
[2024-04-14T09:20:15.669+0000] {logging_mixin.py:151} INFO - Record Inserted !!
[2024-04-14T09:20:16.185+0000] {logging_mixin.py:151} INFO - Record Inserted !!
[2024-04-14T09:20:16.700+0000] {logging_mixin.py:151} INFO - Record Inserted !!
[2024-04-14T09:20:17.224+0000] {logging_mixin.py:151} INFO - Record Inserted !!
[2024-04-14T09:20:18.150+0000] {logging_mixin.py:151} INFO - Record Inserted !!
[2024-04-14T09:20:18.972+0000] {logging_mixin.py:151} INFO - Record Inserted !!
[2024-04-14T09:20:19.590+0000] {logging_mixin.py:151} INFO - Record Inserted !!
[2024-04-14T09:20:20.115+0000] {logging_mixin.py:151} INFO - Record Inserted !!
[2024-04-14T09:20:20.696+0000] {logging_mixin.py:151} INFO - Record Inserted !!
[2024-04-14T09:20:21.639+0000] {logging_mixin.py:151} INFO - Record Inserted !!
[2024-04-14T09:20:22.237+0000] {logging_mixin.py:151} INFO - Record Inserted !!
[2024-04-14T09:20:23.062+0000] {logging_mixin.py:151} INFO - Record Inserted !!
[2024-04-14T09:20:23.586+0000] {logging_mixin.py:151} INFO - Record Inserted !!
[2024-04-14T09:20:24.183+0000] {logging_mixin.py:151} INFO - Record Inserted !!
[2024-04-14T09:20:24.714+0000] {logging_mixin.py:151} INFO - Record Inserted !!
[2024-04-14T09:20:25.226+0000] {logging_mixin.py:151} INFO - Record Inserted !!
[2024-04-14T09:20:25.803+0000] {logging_mixin.py:151} INFO - Record Inserted !!
[2024-04-14T09:20:26.844+0000] {logging_mixin.py:151} INFO - Record Inserted !!
[2024-04-14T09:20:27.349+0000] {logging_mixin.py:151} INFO - Record Inserted !!
[2024-04-14T09:20:27.879+0000] {logging_mixin.py:151} INFO - Record Inserted !!
[2024-04-14T09:20:28.498+0000] {logging_mixin.py:151} INFO - Record Inserted !!
[2024-04-14T09:20:29.313+0000] {logging_mixin.py:151} INFO - Record Inserted !!
[2024-04-14T09:20:30.251+0000] {logging_mixin.py:151} INFO - Record Inserted !!
[2024-04-14T09:20:30.775+0000] {logging_mixin.py:151} INFO - Record Inserted !!
[2024-04-14T09:20:31.344+0000] {logging_mixin.py:151} INFO - Record Inserted !!
[2024-04-14T09:20:32.390+0000] {logging_mixin.py:151} INFO - Record Inserted !!
[2024-04-14T09:20:32.899+0000] {logging_mixin.py:151} INFO - Record Inserted !!
[2024-04-14T09:20:33.415+0000] {logging_mixin.py:151} INFO - Record Inserted !!
[2024-04-14T09:20:33.421+0000] {conn.py:919} INFO - <BrokerConnection node_id=1 host=broker:29092 <connected> [IPv4 ('172.18.0.8', 29092)]>: Closing connection. 
[2024-04-14T09:20:33.423+0000] {python.py:194} INFO - Done. Returned value was: None
[2024-04-14T09:20:33.455+0000] {taskinstance.py:1400} INFO - Marking task as SUCCESS. dag_id=user_automation, task_id=stream_data_from_api, execution_date=20240413T000000, start_date=20240414T091532, end_date=20240414T092033
[2024-04-14T09:20:33.514+0000] {local_task_job_runner.py:228} INFO - Task exited with return code 0
[2024-04-14T09:20:33.529+0000] {taskinstance.py:2784} INFO - 0 downstream tasks scheduled from follow-on schedule check
