[2024-04-14T09:42:12.920+0000] {taskinstance.py:1159} INFO - Dependencies all met for dep_context=non-requeueable deps ti=<TaskInstance: user_automation.stream_data_from_api manual__2024-04-14T09:42:10.332803+00:00 [queued]>
[2024-04-14T09:42:12.925+0000] {taskinstance.py:1159} INFO - Dependencies all met for dep_context=requeueable deps ti=<TaskInstance: user_automation.stream_data_from_api manual__2024-04-14T09:42:10.332803+00:00 [queued]>
[2024-04-14T09:42:12.925+0000] {taskinstance.py:1361} INFO - Starting attempt 1 of 1
[2024-04-14T09:42:12.932+0000] {taskinstance.py:1382} INFO - Executing <Task(PythonOperator): stream_data_from_api> on 2024-04-14 09:42:10.332803+00:00
[2024-04-14T09:42:12.937+0000] {standard_task_runner.py:57} INFO - Started process 213 to run task
[2024-04-14T09:42:12.941+0000] {standard_task_runner.py:84} INFO - Running: ['***', 'tasks', 'run', 'user_automation', 'stream_data_from_api', 'manual__2024-04-14T09:42:10.332803+00:00', '--job-id', '3', '--raw', '--subdir', 'DAGS_FOLDER/kafka_stream.py', '--cfg-path', '/tmp/tmp1r54ackf']
[2024-04-14T09:42:12.944+0000] {standard_task_runner.py:85} INFO - Job 3: Subtask stream_data_from_api
[2024-04-14T09:42:13.053+0000] {task_command.py:415} INFO - Running <TaskInstance: user_automation.stream_data_from_api manual__2024-04-14T09:42:10.332803+00:00 [running]> on host 55110b868d83
[2024-04-14T09:42:13.119+0000] {taskinstance.py:1660} INFO - Exporting env vars: AIRFLOW_CTX_DAG_OWNER='airscholar' AIRFLOW_CTX_DAG_ID='user_automation' AIRFLOW_CTX_TASK_ID='stream_data_from_api' AIRFLOW_CTX_EXECUTION_DATE='2024-04-14T09:42:10.332803+00:00' AIRFLOW_CTX_TRY_NUMBER='1' AIRFLOW_CTX_DAG_RUN_ID='manual__2024-04-14T09:42:10.332803+00:00'
[2024-04-14T09:42:13.166+0000] {conn.py:380} INFO - <BrokerConnection node_id=bootstrap-0 host=broker:29092 <connecting> [IPv4 ('172.18.0.8', 29092)]>: connecting to broker:29092 [('172.18.0.8', 29092) IPv4]
[2024-04-14T09:42:13.167+0000] {conn.py:1205} INFO - Probing node bootstrap-0 broker version
[2024-04-14T09:42:13.168+0000] {conn.py:410} INFO - <BrokerConnection node_id=bootstrap-0 host=broker:29092 <connecting> [IPv4 ('172.18.0.8', 29092)]>: Connection complete.
[2024-04-14T09:42:13.275+0000] {conn.py:1267} INFO - Broker version identified as 2.5.0
[2024-04-14T09:42:13.275+0000] {conn.py:1268} INFO - Set configuration api_version=(2, 5, 0) to skip auto check_version requests on startup
[2024-04-14T09:42:14.422+0000] {logging_mixin.py:151} INFO - Record Inserted !!
[2024-04-14T09:42:14.425+0000] {conn.py:380} INFO - <BrokerConnection node_id=1 host=broker:29092 <connecting> [IPv4 ('172.18.0.8', 29092)]>: connecting to broker:29092 [('172.18.0.8', 29092) IPv4]
[2024-04-14T09:42:14.428+0000] {conn.py:410} INFO - <BrokerConnection node_id=1 host=broker:29092 <connecting> [IPv4 ('172.18.0.8', 29092)]>: Connection complete.
[2024-04-14T09:42:14.428+0000] {conn.py:919} INFO - <BrokerConnection node_id=bootstrap-0 host=broker:29092 <connected> [IPv4 ('172.18.0.8', 29092)]>: Closing connection. 
[2024-04-14T09:42:15.138+0000] {logging_mixin.py:151} INFO - Record Inserted !!
[2024-04-14T09:42:15.773+0000] {logging_mixin.py:151} INFO - Record Inserted !!
[2024-04-14T09:42:16.977+0000] {logging_mixin.py:151} INFO - Record Inserted !!
[2024-04-14T09:42:17.871+0000] {logging_mixin.py:151} INFO - Record Inserted !!
[2024-04-14T09:42:18.521+0000] {logging_mixin.py:151} INFO - Record Inserted !!
[2024-04-14T09:42:19.022+0000] {logging_mixin.py:151} INFO - Record Inserted !!
[2024-04-14T09:42:19.550+0000] {logging_mixin.py:151} INFO - Record Inserted !!
[2024-04-14T09:42:20.353+0000] {logging_mixin.py:151} INFO - Record Inserted !!
[2024-04-14T09:42:20.910+0000] {logging_mixin.py:151} INFO - Record Inserted !!
[2024-04-14T09:42:21.405+0000] {logging_mixin.py:151} INFO - Record Inserted !!
[2024-04-14T09:42:22.018+0000] {logging_mixin.py:151} INFO - Record Inserted !!
[2024-04-14T09:42:22.551+0000] {logging_mixin.py:151} INFO - Record Inserted !!
[2024-04-14T09:42:23.392+0000] {logging_mixin.py:151} INFO - Record Inserted !!
[2024-04-14T09:42:24.410+0000] {logging_mixin.py:151} INFO - Record Inserted !!
[2024-04-14T09:42:25.204+0000] {logging_mixin.py:151} INFO - Record Inserted !!
[2024-04-14T09:42:26.054+0000] {logging_mixin.py:151} INFO - Record Inserted !!
[2024-04-14T09:42:27.019+0000] {logging_mixin.py:151} INFO - Record Inserted !!
[2024-04-14T09:42:27.545+0000] {logging_mixin.py:151} INFO - Record Inserted !!
[2024-04-14T09:42:28.441+0000] {logging_mixin.py:151} INFO - Record Inserted !!
[2024-04-14T09:42:29.291+0000] {logging_mixin.py:151} INFO - Record Inserted !!
[2024-04-14T09:42:29.862+0000] {logging_mixin.py:151} INFO - Record Inserted !!
[2024-04-14T09:42:30.773+0000] {logging_mixin.py:151} INFO - Record Inserted !!
[2024-04-14T09:42:31.440+0000] {logging_mixin.py:151} INFO - Record Inserted !!
[2024-04-14T09:42:32.544+0000] {logging_mixin.py:151} INFO - Record Inserted !!
[2024-04-14T09:42:33.036+0000] {logging_mixin.py:151} INFO - Record Inserted !!
[2024-04-14T09:42:33.543+0000] {logging_mixin.py:151} INFO - Record Inserted !!
[2024-04-14T09:42:34.074+0000] {logging_mixin.py:151} INFO - Record Inserted !!
[2024-04-14T09:42:34.653+0000] {logging_mixin.py:151} INFO - Record Inserted !!
[2024-04-14T09:42:35.424+0000] {logging_mixin.py:151} INFO - Record Inserted !!
[2024-04-14T09:42:35.917+0000] {logging_mixin.py:151} INFO - Record Inserted !!
[2024-04-14T09:42:36.740+0000] {logging_mixin.py:151} INFO - Record Inserted !!
[2024-04-14T09:42:37.231+0000] {logging_mixin.py:151} INFO - Record Inserted !!
[2024-04-14T09:42:37.750+0000] {logging_mixin.py:151} INFO - Record Inserted !!
[2024-04-14T09:42:38.584+0000] {logging_mixin.py:151} INFO - Record Inserted !!
[2024-04-14T09:42:39.094+0000] {logging_mixin.py:151} INFO - Record Inserted !!
[2024-04-14T09:42:40.015+0000] {logging_mixin.py:151} INFO - Record Inserted !!
[2024-04-14T09:42:40.621+0000] {logging_mixin.py:151} INFO - Record Inserted !!
[2024-04-14T09:42:41.404+0000] {logging_mixin.py:151} INFO - Record Inserted !!
[2024-04-14T09:42:42.236+0000] {logging_mixin.py:151} INFO - Record Inserted !!
[2024-04-14T09:42:42.792+0000] {logging_mixin.py:151} INFO - Record Inserted !!
[2024-04-14T09:42:43.594+0000] {logging_mixin.py:151} INFO - Record Inserted !!
[2024-04-14T09:42:44.545+0000] {logging_mixin.py:151} INFO - Record Inserted !!
[2024-04-14T09:42:45.057+0000] {logging_mixin.py:151} INFO - Record Inserted !!
[2024-04-14T09:42:45.571+0000] {logging_mixin.py:151} INFO - Record Inserted !!
[2024-04-14T09:42:46.459+0000] {logging_mixin.py:151} INFO - Record Inserted !!
[2024-04-14T09:42:47.597+0000] {logging_mixin.py:151} INFO - Record Inserted !!
[2024-04-14T09:42:48.466+0000] {logging_mixin.py:151} INFO - Record Inserted !!
[2024-04-14T09:42:49.326+0000] {logging_mixin.py:151} INFO - Record Inserted !!
[2024-04-14T09:42:50.243+0000] {logging_mixin.py:151} INFO - Record Inserted !!
[2024-04-14T09:42:50.747+0000] {logging_mixin.py:151} INFO - Record Inserted !!
[2024-04-14T09:42:51.551+0000] {logging_mixin.py:151} INFO - Record Inserted !!
[2024-04-14T09:42:52.072+0000] {logging_mixin.py:151} INFO - Record Inserted !!
[2024-04-14T09:42:52.922+0000] {logging_mixin.py:151} INFO - Record Inserted !!
[2024-04-14T09:42:53.838+0000] {logging_mixin.py:151} INFO - Record Inserted !!
[2024-04-14T09:42:54.859+0000] {logging_mixin.py:151} INFO - Record Inserted !!
[2024-04-14T09:42:55.377+0000] {logging_mixin.py:151} INFO - Record Inserted !!
[2024-04-14T09:42:55.928+0000] {logging_mixin.py:151} INFO - Record Inserted !!
[2024-04-14T09:42:56.816+0000] {logging_mixin.py:151} INFO - Record Inserted !!
[2024-04-14T09:42:57.717+0000] {logging_mixin.py:151} INFO - Record Inserted !!
[2024-04-14T09:42:58.216+0000] {logging_mixin.py:151} INFO - Record Inserted !!
[2024-04-14T09:42:59.161+0000] {logging_mixin.py:151} INFO - Record Inserted !!
[2024-04-14T09:42:59.655+0000] {logging_mixin.py:151} INFO - Record Inserted !!
[2024-04-14T09:43:00.242+0000] {logging_mixin.py:151} INFO - Record Inserted !!
[2024-04-14T09:43:00.741+0000] {logging_mixin.py:151} INFO - Record Inserted !!
[2024-04-14T09:43:01.248+0000] {logging_mixin.py:151} INFO - Record Inserted !!
[2024-04-14T09:43:01.827+0000] {logging_mixin.py:151} INFO - Record Inserted !!
[2024-04-14T09:43:02.677+0000] {logging_mixin.py:151} INFO - Record Inserted !!
[2024-04-14T09:43:03.175+0000] {logging_mixin.py:151} INFO - Record Inserted !!
[2024-04-14T09:43:03.869+0000] {logging_mixin.py:151} INFO - Record Inserted !!
[2024-04-14T09:43:04.366+0000] {logging_mixin.py:151} INFO - Record Inserted !!
[2024-04-14T09:43:05.323+0000] {logging_mixin.py:151} INFO - Record Inserted !!
[2024-04-14T09:43:05.874+0000] {logging_mixin.py:151} INFO - Record Inserted !!
[2024-04-14T09:43:06.738+0000] {logging_mixin.py:151} INFO - Record Inserted !!
[2024-04-14T09:43:07.561+0000] {logging_mixin.py:151} INFO - Record Inserted !!
[2024-04-14T09:43:08.482+0000] {logging_mixin.py:151} INFO - Record Inserted !!
[2024-04-14T09:43:09.009+0000] {logging_mixin.py:151} INFO - Record Inserted !!
[2024-04-14T09:43:09.487+0000] {logging_mixin.py:151} INFO - Record Inserted !!
[2024-04-14T09:43:10.325+0000] {logging_mixin.py:151} INFO - Record Inserted !!
[2024-04-14T09:43:10.867+0000] {logging_mixin.py:151} INFO - Record Inserted !!
[2024-04-14T09:43:11.415+0000] {logging_mixin.py:151} INFO - Record Inserted !!
[2024-04-14T09:43:12.197+0000] {logging_mixin.py:151} INFO - Record Inserted !!
[2024-04-14T09:43:13.146+0000] {logging_mixin.py:151} INFO - Record Inserted !!
[2024-04-14T09:43:14.071+0000] {logging_mixin.py:151} INFO - Record Inserted !!
[2024-04-14T09:43:14.579+0000] {logging_mixin.py:151} INFO - Record Inserted !!
[2024-04-14T09:43:15.430+0000] {logging_mixin.py:151} INFO - Record Inserted !!
[2024-04-14T09:43:16.269+0000] {logging_mixin.py:151} INFO - Record Inserted !!
[2024-04-14T09:43:16.787+0000] {logging_mixin.py:151} INFO - Record Inserted !!
[2024-04-14T09:43:17.693+0000] {logging_mixin.py:151} INFO - Record Inserted !!
[2024-04-14T09:43:18.541+0000] {logging_mixin.py:151} INFO - Record Inserted !!
[2024-04-14T09:43:19.454+0000] {logging_mixin.py:151} INFO - Record Inserted !!
[2024-04-14T09:43:20.357+0000] {logging_mixin.py:151} INFO - Record Inserted !!
[2024-04-14T09:43:21.262+0000] {logging_mixin.py:151} INFO - Record Inserted !!
[2024-04-14T09:43:21.820+0000] {logging_mixin.py:151} INFO - Record Inserted !!
[2024-04-14T09:43:22.611+0000] {logging_mixin.py:151} INFO - Record Inserted !!
[2024-04-14T09:43:23.548+0000] {logging_mixin.py:151} INFO - Record Inserted !!
[2024-04-14T09:43:24.449+0000] {logging_mixin.py:151} INFO - Record Inserted !!
[2024-04-14T09:43:25.014+0000] {logging_mixin.py:151} INFO - Record Inserted !!
[2024-04-14T09:43:25.888+0000] {logging_mixin.py:151} INFO - Record Inserted !!
[2024-04-14T09:43:26.814+0000] {logging_mixin.py:151} INFO - Record Inserted !!
[2024-04-14T09:43:27.424+0000] {logging_mixin.py:151} INFO - Record Inserted !!
[2024-04-14T09:43:27.933+0000] {logging_mixin.py:151} INFO - Record Inserted !!
[2024-04-14T09:43:29.077+0000] {logging_mixin.py:151} INFO - Record Inserted !!
[2024-04-14T09:43:32.313+0000] {logging_mixin.py:151} INFO - Record Inserted !!
[2024-04-14T09:43:33.281+0000] {logging_mixin.py:151} INFO - Record Inserted !!
[2024-04-14T09:43:33.870+0000] {logging_mixin.py:151} INFO - Record Inserted !!
[2024-04-14T09:43:34.765+0000] {logging_mixin.py:151} INFO - Record Inserted !!
[2024-04-14T09:43:35.615+0000] {logging_mixin.py:151} INFO - Record Inserted !!
[2024-04-14T09:43:36.547+0000] {logging_mixin.py:151} INFO - Record Inserted !!
[2024-04-14T09:43:37.473+0000] {logging_mixin.py:151} INFO - Record Inserted !!
[2024-04-14T09:43:38.026+0000] {logging_mixin.py:151} INFO - Record Inserted !!
[2024-04-14T09:43:38.530+0000] {logging_mixin.py:151} INFO - Record Inserted !!
[2024-04-14T09:43:40.123+0000] {logging_mixin.py:151} INFO - Record Inserted !!
[2024-04-14T09:43:41.023+0000] {logging_mixin.py:151} INFO - Record Inserted !!
[2024-04-14T09:43:41.963+0000] {logging_mixin.py:151} INFO - Record Inserted !!
[2024-04-14T09:43:42.515+0000] {logging_mixin.py:151} INFO - Record Inserted !!
[2024-04-14T09:43:43.108+0000] {logging_mixin.py:151} INFO - Record Inserted !!
[2024-04-14T09:43:44.056+0000] {logging_mixin.py:151} INFO - Record Inserted !!
[2024-04-14T09:43:44.632+0000] {logging_mixin.py:151} INFO - Record Inserted !!
[2024-04-14T09:43:45.138+0000] {logging_mixin.py:151} INFO - Record Inserted !!
[2024-04-14T09:43:45.885+0000] {logging_mixin.py:151} INFO - Record Inserted !!
[2024-04-14T09:43:47.018+0000] {logging_mixin.py:151} INFO - Record Inserted !!
[2024-04-14T09:43:47.528+0000] {logging_mixin.py:151} INFO - Record Inserted !!
[2024-04-14T09:43:48.405+0000] {logging_mixin.py:151} INFO - Record Inserted !!
[2024-04-14T09:43:49.325+0000] {logging_mixin.py:151} INFO - Record Inserted !!
[2024-04-14T09:43:49.911+0000] {logging_mixin.py:151} INFO - Record Inserted !!
[2024-04-14T09:43:50.902+0000] {logging_mixin.py:151} INFO - Record Inserted !!
[2024-04-14T09:43:51.795+0000] {logging_mixin.py:151} INFO - Record Inserted !!
[2024-04-14T09:43:52.703+0000] {logging_mixin.py:151} INFO - Record Inserted !!
[2024-04-14T09:43:53.523+0000] {logging_mixin.py:151} INFO - Record Inserted !!
[2024-04-14T09:43:54.377+0000] {logging_mixin.py:151} INFO - Record Inserted !!
[2024-04-14T09:43:55.064+0000] {logging_mixin.py:151} INFO - Record Inserted !!
[2024-04-14T09:43:55.987+0000] {logging_mixin.py:151} INFO - Record Inserted !!
[2024-04-14T09:43:56.731+0000] {logging_mixin.py:151} INFO - Record Inserted !!
[2024-04-14T09:43:57.513+0000] {logging_mixin.py:151} INFO - Record Inserted !!
[2024-04-14T09:43:58.349+0000] {logging_mixin.py:151} INFO - Record Inserted !!
[2024-04-14T09:43:59.860+0000] {logging_mixin.py:151} INFO - Record Inserted !!
[2024-04-14T09:44:00.701+0000] {logging_mixin.py:151} INFO - Record Inserted !!
[2024-04-14T09:44:01.625+0000] {logging_mixin.py:151} INFO - Record Inserted !!
[2024-04-14T09:44:02.413+0000] {logging_mixin.py:151} INFO - Record Inserted !!
[2024-04-14T09:44:03.359+0000] {logging_mixin.py:151} INFO - Record Inserted !!
[2024-04-14T09:44:04.049+0000] {logging_mixin.py:151} INFO - Record Inserted !!
[2024-04-14T09:44:04.905+0000] {logging_mixin.py:151} INFO - Record Inserted !!
[2024-04-14T09:44:05.764+0000] {logging_mixin.py:151} INFO - Record Inserted !!
[2024-04-14T09:44:06.626+0000] {logging_mixin.py:151} INFO - Record Inserted !!
[2024-04-14T09:44:07.222+0000] {logging_mixin.py:151} INFO - Record Inserted !!
[2024-04-14T09:44:08.077+0000] {logging_mixin.py:151} INFO - Record Inserted !!
[2024-04-14T09:44:08.901+0000] {logging_mixin.py:151} INFO - Record Inserted !!
[2024-04-14T09:44:09.788+0000] {logging_mixin.py:151} INFO - Record Inserted !!
[2024-04-14T09:44:10.294+0000] {logging_mixin.py:151} INFO - Record Inserted !!
[2024-04-14T09:44:10.829+0000] {logging_mixin.py:151} INFO - Record Inserted !!
[2024-04-14T09:44:11.584+0000] {logging_mixin.py:151} INFO - Record Inserted !!
[2024-04-14T09:44:12.118+0000] {logging_mixin.py:151} INFO - Record Inserted !!
[2024-04-14T09:44:12.977+0000] {logging_mixin.py:151} INFO - Record Inserted !!
[2024-04-14T09:44:13.809+0000] {logging_mixin.py:151} INFO - Record Inserted !!
[2024-04-14T09:44:14.832+0000] {logging_mixin.py:151} INFO - Record Inserted !!
[2024-04-14T09:44:15.411+0000] {logging_mixin.py:151} INFO - Record Inserted !!
[2024-04-14T09:44:15.924+0000] {logging_mixin.py:151} INFO - Record Inserted !!
[2024-04-14T09:44:16.743+0000] {logging_mixin.py:151} INFO - Record Inserted !!
[2024-04-14T09:44:17.700+0000] {logging_mixin.py:151} INFO - Record Inserted !!
[2024-04-14T09:44:18.198+0000] {logging_mixin.py:151} INFO - Record Inserted !!
[2024-04-14T09:44:19.295+0000] {logging_mixin.py:151} INFO - Record Inserted !!
[2024-04-14T09:44:20.071+0000] {logging_mixin.py:151} INFO - Record Inserted !!
[2024-04-14T09:44:21.283+0000] {logging_mixin.py:151} INFO - Record Inserted !!
[2024-04-14T09:44:22.218+0000] {logging_mixin.py:151} INFO - Record Inserted !!
[2024-04-14T09:44:23.109+0000] {logging_mixin.py:151} INFO - Record Inserted !!
[2024-04-14T09:44:24.158+0000] {logging_mixin.py:151} INFO - Record Inserted !!
[2024-04-14T09:44:24.993+0000] {logging_mixin.py:151} INFO - Record Inserted !!
[2024-04-14T09:44:26.015+0000] {logging_mixin.py:151} INFO - Record Inserted !!
[2024-04-14T09:44:26.526+0000] {logging_mixin.py:151} INFO - Record Inserted !!
[2024-04-14T09:44:27.053+0000] {logging_mixin.py:151} INFO - Record Inserted !!
[2024-04-14T09:44:27.634+0000] {logging_mixin.py:151} INFO - Record Inserted !!
[2024-04-14T09:44:28.470+0000] {logging_mixin.py:151} INFO - Record Inserted !!
[2024-04-14T09:44:28.984+0000] {logging_mixin.py:151} INFO - Record Inserted !!
[2024-04-14T09:44:29.600+0000] {logging_mixin.py:151} INFO - Record Inserted !!
[2024-04-14T09:44:30.116+0000] {logging_mixin.py:151} INFO - Record Inserted !!
[2024-04-14T09:44:30.918+0000] {logging_mixin.py:151} INFO - Record Inserted !!
[2024-04-14T09:44:31.923+0000] {logging_mixin.py:151} INFO - Record Inserted !!
[2024-04-14T09:44:32.493+0000] {logging_mixin.py:151} INFO - Record Inserted !!
[2024-04-14T09:44:33.030+0000] {logging_mixin.py:151} INFO - Record Inserted !!
[2024-04-14T09:44:33.932+0000] {logging_mixin.py:151} INFO - Record Inserted !!
[2024-04-14T09:44:34.429+0000] {logging_mixin.py:151} INFO - Record Inserted !!
[2024-04-14T09:44:34.957+0000] {logging_mixin.py:151} INFO - Record Inserted !!
[2024-04-14T09:44:35.812+0000] {logging_mixin.py:151} INFO - Record Inserted !!
[2024-04-14T09:44:36.316+0000] {logging_mixin.py:151} INFO - Record Inserted !!
[2024-04-14T09:44:36.966+0000] {logging_mixin.py:151} INFO - Record Inserted !!
[2024-04-14T09:44:37.496+0000] {logging_mixin.py:151} INFO - Record Inserted !!
[2024-04-14T09:44:38.054+0000] {logging_mixin.py:151} INFO - Record Inserted !!
[2024-04-14T09:44:38.654+0000] {logging_mixin.py:151} INFO - Record Inserted !!
[2024-04-14T09:44:39.614+0000] {logging_mixin.py:151} INFO - Record Inserted !!
[2024-04-14T09:44:40.505+0000] {logging_mixin.py:151} INFO - Record Inserted !!
[2024-04-14T09:44:41.356+0000] {logging_mixin.py:151} INFO - Record Inserted !!
[2024-04-14T09:44:41.880+0000] {logging_mixin.py:151} INFO - Record Inserted !!
[2024-04-14T09:44:42.803+0000] {logging_mixin.py:151} INFO - Record Inserted !!
[2024-04-14T09:44:43.823+0000] {logging_mixin.py:151} INFO - Record Inserted !!
[2024-04-14T09:44:44.726+0000] {logging_mixin.py:151} INFO - Record Inserted !!
[2024-04-14T09:44:45.563+0000] {logging_mixin.py:151} INFO - Record Inserted !!
[2024-04-14T09:44:46.103+0000] {logging_mixin.py:151} INFO - Record Inserted !!
[2024-04-14T09:44:46.599+0000] {logging_mixin.py:151} INFO - Record Inserted !!
[2024-04-14T09:44:47.099+0000] {logging_mixin.py:151} INFO - Record Inserted !!
[2024-04-14T09:44:47.913+0000] {logging_mixin.py:151} INFO - Record Inserted !!
[2024-04-14T09:44:48.421+0000] {logging_mixin.py:151} INFO - Record Inserted !!
[2024-04-14T09:44:50.060+0000] {logging_mixin.py:151} INFO - Record Inserted !!
[2024-04-14T09:44:50.544+0000] {logging_mixin.py:151} INFO - Record Inserted !!
[2024-04-14T09:44:51.145+0000] {logging_mixin.py:151} INFO - Record Inserted !!
[2024-04-14T09:44:51.722+0000] {logging_mixin.py:151} INFO - Record Inserted !!
[2024-04-14T09:44:52.442+0000] {logging_mixin.py:151} INFO - Record Inserted !!
[2024-04-14T09:44:52.961+0000] {logging_mixin.py:151} INFO - Record Inserted !!
[2024-04-14T09:44:53.445+0000] {logging_mixin.py:151} INFO - Record Inserted !!
[2024-04-14T09:44:53.982+0000] {logging_mixin.py:151} INFO - Record Inserted !!
[2024-04-14T09:44:54.502+0000] {logging_mixin.py:151} INFO - Record Inserted !!
[2024-04-14T09:44:55.008+0000] {logging_mixin.py:151} INFO - Record Inserted !!
[2024-04-14T09:44:55.522+0000] {logging_mixin.py:151} INFO - Record Inserted !!
[2024-04-14T09:44:56.025+0000] {logging_mixin.py:151} INFO - Record Inserted !!
[2024-04-14T09:44:56.663+0000] {logging_mixin.py:151} INFO - Record Inserted !!
[2024-04-14T09:44:57.523+0000] {logging_mixin.py:151} INFO - Record Inserted !!
[2024-04-14T09:44:58.361+0000] {logging_mixin.py:151} INFO - Record Inserted !!
[2024-04-14T09:44:59.282+0000] {logging_mixin.py:151} INFO - Record Inserted !!
[2024-04-14T09:44:59.761+0000] {logging_mixin.py:151} INFO - Record Inserted !!
[2024-04-14T09:45:00.252+0000] {logging_mixin.py:151} INFO - Record Inserted !!
[2024-04-14T09:45:01.126+0000] {logging_mixin.py:151} INFO - Record Inserted !!
[2024-04-14T09:45:02.045+0000] {logging_mixin.py:151} INFO - Record Inserted !!
[2024-04-14T09:45:02.958+0000] {logging_mixin.py:151} INFO - Record Inserted !!
[2024-04-14T09:45:04.198+0000] {logging_mixin.py:151} INFO - Record Inserted !!
[2024-04-14T09:45:04.788+0000] {logging_mixin.py:151} INFO - Record Inserted !!
[2024-04-14T09:45:05.723+0000] {logging_mixin.py:151} INFO - Record Inserted !!
[2024-04-14T09:45:06.258+0000] {logging_mixin.py:151} INFO - Record Inserted !!
[2024-04-14T09:45:07.163+0000] {logging_mixin.py:151} INFO - Record Inserted !!
[2024-04-14T09:45:07.703+0000] {logging_mixin.py:151} INFO - Record Inserted !!
[2024-04-14T09:45:08.590+0000] {logging_mixin.py:151} INFO - Record Inserted !!
[2024-04-14T09:45:09.148+0000] {logging_mixin.py:151} INFO - Record Inserted !!
[2024-04-14T09:45:10.032+0000] {logging_mixin.py:151} INFO - Record Inserted !!
[2024-04-14T09:45:10.570+0000] {logging_mixin.py:151} INFO - Record Inserted !!
[2024-04-14T09:45:11.361+0000] {logging_mixin.py:151} INFO - Record Inserted !!
[2024-04-14T09:45:11.932+0000] {logging_mixin.py:151} INFO - Record Inserted !!
[2024-04-14T09:45:12.701+0000] {logging_mixin.py:151} INFO - Record Inserted !!
[2024-04-14T09:45:14.121+0000] {logging_mixin.py:151} INFO - Record Inserted !!
[2024-04-14T09:45:14.841+0000] {logging_mixin.py:151} INFO - Record Inserted !!
[2024-04-14T09:45:16.101+0000] {logging_mixin.py:151} INFO - Record Inserted !!
[2024-04-14T09:45:17.225+0000] {logging_mixin.py:151} INFO - Record Inserted !!
[2024-04-14T09:45:17.819+0000] {logging_mixin.py:151} INFO - Record Inserted !!
[2024-04-14T09:45:18.332+0000] {logging_mixin.py:151} INFO - Record Inserted !!
[2024-04-14T09:45:19.546+0000] {logging_mixin.py:151} INFO - Record Inserted !!
[2024-04-14T09:45:20.197+0000] {logging_mixin.py:151} INFO - Record Inserted !!
[2024-04-14T09:45:21.087+0000] {logging_mixin.py:151} INFO - Record Inserted !!
[2024-04-14T09:45:21.645+0000] {logging_mixin.py:151} INFO - Record Inserted !!
[2024-04-14T09:45:22.439+0000] {logging_mixin.py:151} INFO - Record Inserted !!
[2024-04-14T09:45:23.337+0000] {logging_mixin.py:151} INFO - Record Inserted !!
[2024-04-14T09:45:24.153+0000] {logging_mixin.py:151} INFO - Record Inserted !!
[2024-04-14T09:45:25.004+0000] {logging_mixin.py:151} INFO - Record Inserted !!
[2024-04-14T09:45:25.533+0000] {logging_mixin.py:151} INFO - Record Inserted !!
[2024-04-14T09:45:26.110+0000] {logging_mixin.py:151} INFO - Record Inserted !!
[2024-04-14T09:45:26.909+0000] {logging_mixin.py:151} INFO - Record Inserted !!
[2024-04-14T09:45:27.783+0000] {logging_mixin.py:151} INFO - Record Inserted !!
[2024-04-14T09:45:28.311+0000] {logging_mixin.py:151} INFO - Record Inserted !!
[2024-04-14T09:45:29.277+0000] {logging_mixin.py:151} INFO - Record Inserted !!
[2024-04-14T09:45:30.242+0000] {logging_mixin.py:151} INFO - Record Inserted !!
[2024-04-14T09:45:30.746+0000] {logging_mixin.py:151} INFO - Record Inserted !!
[2024-04-14T09:45:31.244+0000] {logging_mixin.py:151} INFO - Record Inserted !!
[2024-04-14T09:45:31.831+0000] {logging_mixin.py:151} INFO - Record Inserted !!
[2024-04-14T09:45:32.761+0000] {logging_mixin.py:151} INFO - Record Inserted !!
[2024-04-14T09:45:33.650+0000] {logging_mixin.py:151} INFO - Record Inserted !!
[2024-04-14T09:45:34.571+0000] {logging_mixin.py:151} INFO - Record Inserted !!
[2024-04-14T09:45:35.829+0000] {logging_mixin.py:151} INFO - Record Inserted !!
[2024-04-14T09:45:36.768+0000] {logging_mixin.py:151} INFO - Record Inserted !!
[2024-04-14T09:45:37.337+0000] {logging_mixin.py:151} INFO - Record Inserted !!
[2024-04-14T09:45:37.842+0000] {logging_mixin.py:151} INFO - Record Inserted !!
[2024-04-14T09:45:38.355+0000] {logging_mixin.py:151} INFO - Record Inserted !!
[2024-04-14T09:45:39.496+0000] {logging_mixin.py:151} INFO - Record Inserted !!
[2024-04-14T09:45:40.335+0000] {logging_mixin.py:151} INFO - Record Inserted !!
[2024-04-14T09:45:40.844+0000] {logging_mixin.py:151} INFO - Record Inserted !!
[2024-04-14T09:45:41.408+0000] {logging_mixin.py:151} INFO - Record Inserted !!
[2024-04-14T09:45:41.920+0000] {logging_mixin.py:151} INFO - Record Inserted !!
[2024-04-14T09:45:42.428+0000] {logging_mixin.py:151} INFO - Record Inserted !!
[2024-04-14T09:45:43.297+0000] {logging_mixin.py:151} INFO - Record Inserted !!
[2024-04-14T09:45:43.852+0000] {logging_mixin.py:151} INFO - Record Inserted !!
[2024-04-14T09:45:44.630+0000] {logging_mixin.py:151} INFO - Record Inserted !!
[2024-04-14T09:45:45.560+0000] {logging_mixin.py:151} INFO - Record Inserted !!
[2024-04-14T09:45:46.070+0000] {logging_mixin.py:151} INFO - Record Inserted !!
[2024-04-14T09:45:46.888+0000] {logging_mixin.py:151} INFO - Record Inserted !!
[2024-04-14T09:45:47.684+0000] {logging_mixin.py:151} INFO - Record Inserted !!
[2024-04-14T09:45:48.198+0000] {logging_mixin.py:151} INFO - Record Inserted !!
[2024-04-14T09:45:48.699+0000] {logging_mixin.py:151} INFO - Record Inserted !!
[2024-04-14T09:45:49.315+0000] {logging_mixin.py:151} INFO - Record Inserted !!
[2024-04-14T09:45:49.816+0000] {logging_mixin.py:151} INFO - Record Inserted !!
[2024-04-14T09:45:50.506+0000] {logging_mixin.py:151} INFO - Record Inserted !!
[2024-04-14T09:45:51.079+0000] {logging_mixin.py:151} INFO - Record Inserted !!
[2024-04-14T09:45:51.674+0000] {logging_mixin.py:151} INFO - Record Inserted !!
[2024-04-14T09:45:52.462+0000] {logging_mixin.py:151} INFO - Record Inserted !!
[2024-04-14T09:45:53.065+0000] {logging_mixin.py:151} INFO - Record Inserted !!
[2024-04-14T09:45:53.749+0000] {logging_mixin.py:151} INFO - Record Inserted !!
[2024-04-14T09:45:54.678+0000] {logging_mixin.py:151} INFO - Record Inserted !!
[2024-04-14T09:45:55.222+0000] {logging_mixin.py:151} INFO - Record Inserted !!
[2024-04-14T09:45:56.106+0000] {logging_mixin.py:151} INFO - Record Inserted !!
[2024-04-14T09:45:56.698+0000] {logging_mixin.py:151} INFO - Record Inserted !!
[2024-04-14T09:45:57.267+0000] {logging_mixin.py:151} INFO - Record Inserted !!
[2024-04-14T09:45:58.134+0000] {logging_mixin.py:151} INFO - Record Inserted !!
[2024-04-14T09:45:58.984+0000] {logging_mixin.py:151} INFO - Record Inserted !!
[2024-04-14T09:45:59.481+0000] {logging_mixin.py:151} INFO - Record Inserted !!
[2024-04-14T09:46:00.405+0000] {logging_mixin.py:151} INFO - Record Inserted !!
[2024-04-14T09:46:01.353+0000] {logging_mixin.py:151} INFO - Record Inserted !!
[2024-04-14T09:46:02.358+0000] {logging_mixin.py:151} INFO - Record Inserted !!
[2024-04-14T09:46:03.722+0000] {logging_mixin.py:151} INFO - Record Inserted !!
[2024-04-14T09:46:04.318+0000] {logging_mixin.py:151} INFO - Record Inserted !!
[2024-04-14T09:46:05.134+0000] {logging_mixin.py:151} INFO - Record Inserted !!
[2024-04-14T09:46:05.981+0000] {logging_mixin.py:151} INFO - Record Inserted !!
[2024-04-14T09:46:06.861+0000] {logging_mixin.py:151} INFO - Record Inserted !!
[2024-04-14T09:46:07.378+0000] {logging_mixin.py:151} INFO - Record Inserted !!
[2024-04-14T09:46:07.896+0000] {logging_mixin.py:151} INFO - Record Inserted !!
[2024-04-14T09:46:08.630+0000] {logging_mixin.py:151} INFO - Record Inserted !!
[2024-04-14T09:46:09.137+0000] {logging_mixin.py:151} INFO - Record Inserted !!
[2024-04-14T09:46:09.949+0000] {logging_mixin.py:151} INFO - Record Inserted !!
[2024-04-14T09:46:10.838+0000] {logging_mixin.py:151} INFO - Record Inserted !!
[2024-04-14T09:46:11.695+0000] {logging_mixin.py:151} INFO - Record Inserted !!
[2024-04-14T09:46:12.272+0000] {logging_mixin.py:151} INFO - Record Inserted !!
[2024-04-14T09:46:13.657+0000] {logging_mixin.py:151} INFO - Record Inserted !!
[2024-04-14T09:46:14.265+0000] {logging_mixin.py:151} INFO - Record Inserted !!
[2024-04-14T09:46:15.049+0000] {logging_mixin.py:151} INFO - Record Inserted !!
[2024-04-14T09:46:17.312+0000] {logging_mixin.py:151} INFO - Record Inserted !!
[2024-04-14T09:46:18.498+0000] {logging_mixin.py:151} INFO - Record Inserted !!
[2024-04-14T09:46:19.351+0000] {logging_mixin.py:151} INFO - Record Inserted !!
[2024-04-14T09:46:20.174+0000] {logging_mixin.py:151} INFO - Record Inserted !!
[2024-04-14T09:46:21.102+0000] {logging_mixin.py:151} INFO - Record Inserted !!
[2024-04-14T09:46:22.016+0000] {logging_mixin.py:151} INFO - Record Inserted !!
[2024-04-14T09:46:22.935+0000] {logging_mixin.py:151} INFO - Record Inserted !!
[2024-04-14T09:46:23.454+0000] {logging_mixin.py:151} INFO - Record Inserted !!
[2024-04-14T09:46:24.038+0000] {logging_mixin.py:151} INFO - Record Inserted !!
[2024-04-14T09:46:24.853+0000] {logging_mixin.py:151} INFO - Record Inserted !!
[2024-04-14T09:46:25.741+0000] {logging_mixin.py:151} INFO - Record Inserted !!
[2024-04-14T09:46:26.553+0000] {logging_mixin.py:151} INFO - Record Inserted !!
[2024-04-14T09:46:27.514+0000] {logging_mixin.py:151} INFO - Record Inserted !!
[2024-04-14T09:46:28.122+0000] {logging_mixin.py:151} INFO - Record Inserted !!
[2024-04-14T09:46:29.178+0000] {logging_mixin.py:151} INFO - Record Inserted !!
[2024-04-14T09:46:30.003+0000] {logging_mixin.py:151} INFO - Record Inserted !!
[2024-04-14T09:46:30.507+0000] {logging_mixin.py:151} INFO - Record Inserted !!
[2024-04-14T09:46:31.355+0000] {logging_mixin.py:151} INFO - Record Inserted !!
[2024-04-14T09:46:32.178+0000] {logging_mixin.py:151} INFO - Record Inserted !!
[2024-04-14T09:46:33.085+0000] {logging_mixin.py:151} INFO - Record Inserted !!
[2024-04-14T09:46:33.814+0000] {logging_mixin.py:151} INFO - Record Inserted !!
[2024-04-14T09:46:34.598+0000] {logging_mixin.py:151} INFO - Record Inserted !!
[2024-04-14T09:46:35.101+0000] {logging_mixin.py:151} INFO - Record Inserted !!
[2024-04-14T09:46:35.611+0000] {logging_mixin.py:151} INFO - Record Inserted !!
[2024-04-14T09:46:36.705+0000] {logging_mixin.py:151} INFO - Record Inserted !!
[2024-04-14T09:46:37.536+0000] {logging_mixin.py:151} INFO - Record Inserted !!
[2024-04-14T09:46:38.057+0000] {logging_mixin.py:151} INFO - Record Inserted !!
[2024-04-14T09:46:38.641+0000] {logging_mixin.py:151} INFO - Record Inserted !!
[2024-04-14T09:46:39.143+0000] {logging_mixin.py:151} INFO - Record Inserted !!
[2024-04-14T09:46:39.770+0000] {logging_mixin.py:151} INFO - Record Inserted !!
[2024-04-14T09:46:40.305+0000] {logging_mixin.py:151} INFO - Record Inserted !!
[2024-04-14T09:46:40.982+0000] {logging_mixin.py:151} INFO - Record Inserted !!
[2024-04-14T09:46:41.780+0000] {logging_mixin.py:151} INFO - Record Inserted !!
[2024-04-14T09:46:42.684+0000] {logging_mixin.py:151} INFO - Record Inserted !!
[2024-04-14T09:46:43.599+0000] {logging_mixin.py:151} INFO - Record Inserted !!
[2024-04-14T09:46:44.218+0000] {logging_mixin.py:151} INFO - Record Inserted !!
[2024-04-14T09:46:44.738+0000] {logging_mixin.py:151} INFO - Record Inserted !!
[2024-04-14T09:46:45.319+0000] {logging_mixin.py:151} INFO - Record Inserted !!
[2024-04-14T09:46:46.489+0000] {logging_mixin.py:151} INFO - Record Inserted !!
[2024-04-14T09:46:47.307+0000] {logging_mixin.py:151} INFO - Record Inserted !!
[2024-04-14T09:46:48.232+0000] {logging_mixin.py:151} INFO - Record Inserted !!
[2024-04-14T09:46:48.744+0000] {logging_mixin.py:151} INFO - Record Inserted !!
[2024-04-14T09:46:49.387+0000] {logging_mixin.py:151} INFO - Record Inserted !!
[2024-04-14T09:46:50.270+0000] {logging_mixin.py:151} INFO - Record Inserted !!
[2024-04-14T09:46:51.093+0000] {logging_mixin.py:151} INFO - Record Inserted !!
[2024-04-14T09:46:51.916+0000] {logging_mixin.py:151} INFO - Record Inserted !!
[2024-04-14T09:46:52.420+0000] {logging_mixin.py:151} INFO - Record Inserted !!
[2024-04-14T09:46:53.346+0000] {logging_mixin.py:151} INFO - Record Inserted !!
[2024-04-14T09:46:54.267+0000] {logging_mixin.py:151} INFO - Record Inserted !!
[2024-04-14T09:46:55.079+0000] {logging_mixin.py:151} INFO - Record Inserted !!
[2024-04-14T09:46:56.011+0000] {logging_mixin.py:151} INFO - Record Inserted !!
[2024-04-14T09:46:56.520+0000] {logging_mixin.py:151} INFO - Record Inserted !!
[2024-04-14T09:46:57.048+0000] {logging_mixin.py:151} INFO - Record Inserted !!
[2024-04-14T09:46:57.953+0000] {logging_mixin.py:151} INFO - Record Inserted !!
[2024-04-14T09:46:58.460+0000] {logging_mixin.py:151} INFO - Record Inserted !!
[2024-04-14T09:46:58.962+0000] {logging_mixin.py:151} INFO - Record Inserted !!
[2024-04-14T09:46:59.473+0000] {logging_mixin.py:151} INFO - Record Inserted !!
[2024-04-14T09:47:00.415+0000] {logging_mixin.py:151} INFO - Record Inserted !!
[2024-04-14T09:47:02.216+0000] {logging_mixin.py:151} INFO - Record Inserted !!
[2024-04-14T09:47:02.743+0000] {logging_mixin.py:151} INFO - Record Inserted !!
[2024-04-14T09:47:03.589+0000] {logging_mixin.py:151} INFO - Record Inserted !!
[2024-04-14T09:47:04.094+0000] {logging_mixin.py:151} INFO - Record Inserted !!
[2024-04-14T09:47:05.024+0000] {logging_mixin.py:151} INFO - Record Inserted !!
[2024-04-14T09:47:06.120+0000] {logging_mixin.py:151} INFO - Record Inserted !!
[2024-04-14T09:47:07.742+0000] {logging_mixin.py:151} INFO - Record Inserted !!
[2024-04-14T09:47:08.704+0000] {logging_mixin.py:151} INFO - Record Inserted !!
[2024-04-14T09:47:09.599+0000] {logging_mixin.py:151} INFO - Record Inserted !!
[2024-04-14T09:47:10.178+0000] {logging_mixin.py:151} INFO - Record Inserted !!
[2024-04-14T09:47:10.739+0000] {logging_mixin.py:151} INFO - Record Inserted !!
[2024-04-14T09:47:11.683+0000] {logging_mixin.py:151} INFO - Record Inserted !!
[2024-04-14T09:47:12.598+0000] {logging_mixin.py:151} INFO - Record Inserted !!
[2024-04-14T09:47:13.425+0000] {logging_mixin.py:151} INFO - Record Inserted !!
[2024-04-14T09:47:13.436+0000] {conn.py:919} INFO - <BrokerConnection node_id=1 host=broker:29092 <connected> [IPv4 ('172.18.0.8', 29092)]>: Closing connection. 
[2024-04-14T09:47:13.446+0000] {python.py:194} INFO - Done. Returned value was: None
[2024-04-14T09:47:13.491+0000] {taskinstance.py:1400} INFO - Marking task as SUCCESS. dag_id=user_automation, task_id=stream_data_from_api, execution_date=20240414T094210, start_date=20240414T094212, end_date=20240414T094713
[2024-04-14T09:47:13.526+0000] {local_task_job_runner.py:228} INFO - Task exited with return code 0
[2024-04-14T09:47:13.541+0000] {taskinstance.py:2784} INFO - 0 downstream tasks scheduled from follow-on schedule check
